Traceback (most recent call last):
  File "C:\Users\pansogan\AppData\Local\Programs\Python\Python313\Lib\site-packages\jupyter_core\utils\__init__.py", line 154, in wrapped
    asyncio.get_running_loop()
    ~~~~~~~~~~~~~~~~~~~~~~~~^^
RuntimeError: no running event loop

During handling of the above exception, another exception occurred:

Traceback (most recent call last):
  File "C:\Users\pansogan\AppData\Local\Programs\Python\Python313\Lib\site-packages\jupyter_cache\executors\utils.py", line 58, in single_nb_execution
    executenb(
    ~~~~~~~~~^
        nb,
        ^^^
    ...<4 lines>...
        **kwargs,
        ^^^^^^^^^
    )
    ^
  File "C:\Users\pansogan\AppData\Local\Programs\Python\Python313\Lib\site-packages\nbclient\client.py", line 1319, in execute
    return NotebookClient(nb=nb, resources=resources, km=km, **kwargs).execute()
           ~~~~~~~~~~~~~~~~~~~~~~~~~~~~~~~~~~~~~~~~~~~~~~~~~~~~~~~~~~~~~~~~~~~^^
  File "C:\Users\pansogan\AppData\Local\Programs\Python\Python313\Lib\site-packages\jupyter_core\utils\__init__.py", line 158, in wrapped
    return loop.run_until_complete(inner)
           ~~~~~~~~~~~~~~~~~~~~~~~^^^^^^^
  File "C:\Users\pansogan\AppData\Local\Programs\Python\Python313\Lib\asyncio\base_events.py", line 725, in run_until_complete
    return future.result()
           ~~~~~~~~~~~~~^^
  File "C:\Users\pansogan\AppData\Local\Programs\Python\Python313\Lib\site-packages\nbclient\client.py", line 709, in async_execute
    await self.async_execute_cell(
        cell, index, execution_count=self.code_cells_executed + 1
    )
  File "C:\Users\pansogan\AppData\Local\Programs\Python\Python313\Lib\site-packages\nbclient\client.py", line 1062, in async_execute_cell
    await self._check_raise_for_error(cell, cell_index, exec_reply)
  File "C:\Users\pansogan\AppData\Local\Programs\Python\Python313\Lib\site-packages\nbclient\client.py", line 918, in _check_raise_for_error
    raise CellExecutionError.from_cell_and_msg(cell, exec_reply_content)
nbclient.exceptions.CellExecutionError: An error occurred while executing the following cell:
------------------
print("ELIMINASI GAUSSIAN - 3 VARIABEL")
print("=================================")

A = matrix([
[1,1,1,6],
[2,3,1,11],
[1,2,3,14]
])

print("Matriks Awal:")
show(A)

# R2 → R2 - 2R1
A = A.with_added_multiple_of_row(1,0,-2)
print("R2 → R2 - 2R1 (Baris 2 dikurangi 2 kali Baris 1)")
show(A)

# R3 → R3 - R1
A = A.with_added_multiple_of_row(2,0,-1)
print("R3 → R3 - R1 (Baris 3 dikurangi Baris 1)")
show(A)

# R3 → R3 - R2
A = A.with_added_multiple_of_row(2,1,-1)
print("R3 → R3 - R2 (Baris 3 dikurangi Baris 2)")
show(A)

# R3 → (1/3)R3
A = A.with_rescaled_row(2,1/3)
print("R3 → (1/3)R3 (Baris 3 dibagi 3)")
show(A)

# R2 → R2 + R3
A = A.with_added_multiple_of_row(1,2,1)
print("R2 → R2 + R3 (Baris 2 ditambah Baris 3)")
show(A)

# R1 → R1 - R3
A = A.with_added_multiple_of_row(0,2,-1)
print("R1 → R1 - R3 (Baris 1 dikurangi Baris 3)")
show(A)

# R1 → R1 - R2
A = A.with_added_multiple_of_row(0,1,-1)
print("R1 → R1 - R2 (Baris 1 dikurangi Baris 2)")
show(A)

print("HASIL AKHIR:")
show(A)
------------------

----- stdout -----
ELIMINASI GAUSSIAN - 3 VARIABEL
=================================
------------------

[31m---------------------------------------------------------------------------[39m
[31mNameError[39m                                 Traceback (most recent call last)
[36mCell[39m[36m [39m[32mIn[12][39m[32m, line 4[39m
[32m      1[39m [38;5;28mprint[39m([33m"[39m[33mELIMINASI GAUSSIAN - 3 VARIABEL[39m[33m"[39m)
[32m      2[39m [38;5;28mprint[39m([33m"[39m[33m=================================[39m[33m"[39m)
[32m----> [39m[32m4[39m A = [43mmatrix[49m([
[32m      5[39m [[32m1[39m,[32m1[39m,[32m1[39m,[32m6[39m],
[32m      6[39m [[32m2[39m,[32m3[39m,[32m1[39m,[32m11[39m],
[32m      7[39m [[32m1[39m,[32m2[39m,[32m3[39m,[32m14[39m]
[32m      8[39m ])
[32m     10[39m [38;5;28mprint[39m([33m"[39m[33mMatriks Awal:[39m[33m"[39m)
[32m     11[39m show(A)

[31mNameError[39m: name 'matrix' is not defined

